#
# A fatal error has been detected by the Java Runtime Environment:
#
#  EXCEPTION_ACCESS_VIOLATION (0xc0000005) at pc=0x00007ffd084f6407, pid=20372, tid=14696
#
# JRE version: OpenJDK Runtime Environment (21.0.1+12) (build 21.0.1+12-29)
# Java VM: OpenJDK 64-Bit Server VM (21.0.1+12-29, mixed mode, sharing, tiered, compressed oops, compressed class ptrs, g1 gc, windows-amd64)
# Problematic frame:
# C  [glass.dll+0x26407]
#
# No core dump will be written. Minidumps are not enabled by default on client versions of Windows
#
# If you would like to submit a bug report, please visit:
#   https://bugreport.java.com/bugreport/crash.jsp
#

---------------  S U M M A R Y ------------

Command Line: -javaagent:D:\IntelliJ IDEA\IDEA ULTIMATE\lib\idea_rt.jar=51114:D:\IntelliJ IDEA\IDEA ULTIMATE\bin -Dfile.encoding=UTF-8 -Dsun.stdout.encoding=UTF-8 -Dsun.stderr.encoding=UTF-8 --module-path=D:\SkillBox\Java\UtilityService\target\classes;C:\Users\ilonk\.m2\repository\org\openjfx\javafx-base\21-ea+5\javafx-base-21-ea+5-win.jar;C:\Users\ilonk\.m2\repository\org\openjfx\javafx-controls\21-ea+5\javafx-controls-21-ea+5-win.jar;C:\Users\ilonk\.m2\repository\org\openjfx\javafx-fxml\21-ea+5\javafx-fxml-21-ea+5-win.jar;C:\Users\ilonk\.m2\repository\org\openjfx\javafx-graphics\21-ea+5\javafx-graphics-21-ea+5-win.jar -Djdk.module.main=com.example.utilityservice com.example.utilityservice/com.example.utilityservice.UtilityServiceApp

Host: Intel(R) Core(TM) i5-9300H CPU @ 2.40GHz, 8 cores, 7G,  Windows 10 , 64 bit Build 19041 (10.0.19041.3636)
Time: Fri Feb 16 19:05:09 2024  Windows 10 , 64 bit Build 19041 (10.0.19041.3636) elapsed time: 294.186039 seconds (0d 0h 4m 54s)

---------------  T H R E A D  ---------------

Current thread (0x0000023da4dbf450):  VMThread "VM Thread"          [id=14696, stack(0x000000cac6a00000,0x000000cac6b00000) (1024K)]

Stack: [0x000000cac6a00000,0x000000cac6b00000],  sp=0x000000cac6afeec0,  free space=1019k
Native frames: (J=compiled Java code, j=interpreted, Vv=VM code, C=native code)
C  [glass.dll+0x26407]


siginfo: EXCEPTION_ACCESS_VIOLATION (0xc0000005), reading address 0x0000000000000000


Registers:
RAX=0x0000000000000000, RBX=0x0000023da4dc81aa, RCX=0x0000023da4dbf450, RDX=0x000000cac6afeec0
RSP=0x000000cac6afeec0, RBP=0x0000023deadcbd58, RSI=0x0000023deadcbd30, RDI=0x00004901a1c354dc
R8 =0x0000000000010002, R9 =0x00004901a1c354dc, R10=0x0000000000008000, R11=0x000000cac6afee50
R12=0x00007ffd084f3d40, R13=0x00007ffcfa711fa0, R14=0x000000cac6afefb8, R15=0x0000023deadcbd30
RIP=0x00007ffd084f6407, EFLAGS=0x0000000000010206


Register to memory mapping:

RAX=0x0 is null
RBX=0x0000023da4dc81aa is a global jni handle
RCX=0x0000023da4dbf450 points into unknown readable memory: 0x00007ffcfa523f88 | 88 3f 52 fa fc 7f 00 00
RDX=0x000000cac6afeec0 points into unknown readable memory: 0x0000000000000000 | 00 00 00 00 00 00 00 00
RSP=0x000000cac6afeec0 points into unknown readable memory: 0x0000000000000000 | 00 00 00 00 00 00 00 00
RBP=0x0000023deadcbd58 points into unknown readable memory: 0x00004901a1c354dc | dc 54 c3 a1 01 49 00 00
RSI=0x0000023deadcbd30 points into unknown readable memory: 0xd084ba8421c35323 | 23 53 c3 21 84 ba 84 d0
RDI=0x00004901a1c354dc is an unknown value
R8 =0x0000000000010002 is an unknown value
R9 =0x00004901a1c354dc is an unknown value
R10=0x0000000000008000 is an unknown value
R11=0x000000cac6afee50 points into unknown readable memory: 0x0000023deadcbd30 | 30 bd dc ea 3d 02 00 00
R12=0x00007ffd084f3d40 glass.dll
R13=0x00007ffcfa711fa0 jvm.dll
R14=0x000000cac6afefb8 points into unknown readable memory: 0x000000cac6afefa0 | a0 ef af c6 ca 00 00 00
R15=0x0000023deadcbd30 points into unknown readable memory: 0xd084ba8421c35323 | 23 53 c3 21 84 ba 84 d0

Top of Stack: (sp=0x000000cac6afeec0)
0x000000cac6afeec0:   0000000000000000 0000023deadcbd30
0x000000cac6afeed0:   00007ffcfa711fa0 00007ffd084f3d40
0x000000cac6afeee0:   0000023deadcbd38 00007ffd477a42d6
0x000000cac6afeef0:   00004901a1c354dc 0000023d00000000
0x000000cac6afef00:   0000023deadcbd58 0000023deadcbd30
0x000000cac6afef10:   fffffffffffffffe 0000000000000000
0x000000cac6afef20:   0000000000000001 00007ffd084d0000
0x000000cac6afef30:   000000cac6afefa8 00007ffd477a41fb
0x000000cac6afef40:   0000000000000000 000000cac6afefb8
0x000000cac6afef50:   000000cac6aff290 00007ffd47880e40
0x000000cac6afef60:   0000000000000001 00007ffd477a41b4
0x000000cac6afef70:   0000000000000000 0000000000000001
0x000000cac6afef80:   00007ffc00000001 000000cac6afefa8
0x000000cac6afef90:   0000000000000000 00007ffd084f3bcd
0x000000cac6afefa0:   00007ffd08509f88 00007ffc00000002
0x000000cac6afefb0:   0000000000000002 000000cac6afefa0
0x000000cac6afefc0:   00007ffd46ce3500 00007ffd49c89993
0x000000cac6afefd0:   0000000000000000 00007ffd084f3cf2
0x000000cac6afefe0:   0000000000000001 00007ffd46390000
0x000000cac6afeff0:   0000000000000001 00007ffd46cd4b9d
0x000000cac6aff000:   00007ffd46cd0000 0000000000000000
0x000000cac6aff010:   0000000000000001 00007ffd46390000
0x000000cac6aff020:   00007ffd084d0000 000000007ffe0384
0x000000cac6aff030:   0000000000000000 00007ffd49c89a1d
0x000000cac6aff040:   00007ffd084d0000 0000000000000000
0x000000cac6aff050:   0000000000000001 000000007ffe0385
0x000000cac6aff060:   0000000000000000 00007ffd49ccde41
0x000000cac6aff070:   000089ad5972b700 0000000000000014
0x000000cac6aff080:   00007ffd084f3d40 0000000000000000
0x000000cac6aff090:   0000000000000000 000000cac5e95000
0x000000cac6aff0a0:   0000023deadf9520 00007ffd49ccdcda
0x000000cac6aff0b0:   0000023deadf9890 00007ffd084d0000 

Instructions: (pc=0x00007ffd084f6407)
0x00007ffd084f6307:   8b 4d 58 e8 7d cf ff ff 48 8b 4d 60 e8 74 cf ff
0x00007ffd084f6317:   ff 48 8b 95 80 00 00 00 48 8b 8d 18 01 00 00 e8
0x00007ffd084f6327:   66 c4 ff ff 33 d2 33 c9 e8 bc e1 ff ff 90 48 89
0x00007ffd084f6337:   54 24 10 55 48 83 ec 20 48 8b ea 48 b8 00 00 00
0x00007ffd084f6347:   00 00 00 00 00 48 83 c4 20 5d c3 cc 40 55 48 8b
0x00007ffd084f6357:   ea 48 8b 01 33 c9 81 38 05 00 00 c0 0f 94 c1 8b
0x00007ffd084f6367:   c1 5d c3 cc 40 55 48 83 ec 20 48 8b ea 8a 4d 40
0x00007ffd084f6377:   48 83 c4 20 5d e9 63 d3 ff ff cc 40 55 48 83 ec
0x00007ffd084f6387:   20 48 8b ea 8a 4d 20 e8 51 d3 ff ff 90 48 83 c4
0x00007ffd084f6397:   20 5d c3 cc 40 55 48 83 ec 20 48 8b ea 48 83 c4
0x00007ffd084f63a7:   20 5d e9 b2 d1 ff ff cc 40 55 48 83 ec 30 48 8b
0x00007ffd084f63b7:   ea 48 8b 01 8b 10 48 89 4c 24 28 89 54 24 20 4c
0x00007ffd084f63c7:   8d 0d 53 d6 ff ff 4c 8b 45 70 8b 55 68 48 8b 4d
0x00007ffd084f63d7:   60 e8 f3 d0 ff ff 90 48 83 c4 30 5d c3 cc cc cc
0x00007ffd084f63e7:   cc cc cc cc cc cc cc cc cc 40 53 48 83 ec 20 48
0x00007ffd084f63f7:   8b 1d 8b 35 01 00 48 85 db 74 16 e8 79 8b ff ff
0x00007ffd084f6407:   4c 8b 00 48 8b d3 48 8b c8 41 ff 90 b0 00 00 00
0x00007ffd084f6417:   90 48 83 c4 20 5b c3 cc cc 40 53 48 83 ec 20 48
0x00007ffd084f6427:   8b 1d fb 36 01 00 48 85 db 74 57 b8 ff ff ff ff
0x00007ffd084f6437:   f0 0f c1 43 10 83 f8 01 75 3d 48 85 db 74 38 48
0x00007ffd084f6447:   8b 0b 48 85 c9 74 0d ff 15 54 0e 00 00 48 c7 03
0x00007ffd084f6457:   00 00 00 00 48 8b 4b 08 48 85 c9 74 0d e8 23 ce
0x00007ffd084f6467:   ff ff 48 c7 43 08 00 00 00 00 ba 18 00 00 00 48
0x00007ffd084f6477:   8b cb e8 0e ce ff ff 48 c7 05 9f 36 01 00 00 00
0x00007ffd084f6487:   00 00 48 83 c4 20 5b c3 cc 40 53 48 83 ec 20 48
0x00007ffd084f6497:   8b 1d 6b 36 01 00 48 85 db 74 57 b8 ff ff ff ff
0x00007ffd084f64a7:   f0 0f c1 43 10 83 f8 01 75 3d 48 85 db 74 38 48
0x00007ffd084f64b7:   8b 0b 48 85 c9 74 0d ff 15 e4 0d 00 00 48 c7 03
0x00007ffd084f64c7:   00 00 00 00 48 8b 4b 08 48 85 c9 74 0d e8 b3 cd
0x00007ffd084f64d7:   ff ff 48 c7 43 08 00 00 00 00 ba 18 00 00 00 48
0x00007ffd084f64e7:   8b cb e8 9e cd ff ff 48 c7 05 0f 36 01 00 00 00
0x00007ffd084f64f7:   00 00 48 83 c4 20 5b c3 cc 40 53 48 83 ec 20 48 


Stack slot to memory mapping:

stack at sp + 0 slots: 0x0 is null
stack at sp + 1 slots: 0x0000023deadcbd30 points into unknown readable memory: 0xd084ba8421c35323 | 23 53 c3 21 84 ba 84 d0
stack at sp + 2 slots: 0x00007ffcfa711fa0 jvm.dll
stack at sp + 3 slots: 0x00007ffd084f3d40 glass.dll
stack at sp + 4 slots: 0x0000023deadcbd38 points into unknown readable memory: 0x00004901a1c354dc | dc 54 c3 a1 01 49 00 00
stack at sp + 5 slots: 0x00007ffd477a42d6 ucrtbase.dll
stack at sp + 6 slots: 0x00004901a1c354dc is an unknown value
stack at sp + 7 slots: 0x0000023d00000000 is an unknown value

VM_Operation (0x000000cac60ff230): Exit, mode: safepoint, requested by thread 0x0000023deb2a04d0


---------------  P R O C E S S  ---------------

Threads class SMR info:
_java_thread_list=0x0000023deb874480, length=20, elements={
0x0000023d863e3b70, 0x0000023da4de1cd0, 0x0000023da4de2bf0, 0x0000023da4de71e0,
0x0000023da4de9c50, 0x0000023da4dea6b0, 0x0000023da4dec090, 0x0000023da4dfac00,
0x0000023da4dfb2b0, 0x0000023da4daa390, 0x0000023deab9cfb0, 0x0000023deab0e010,
0x0000023deaf03c20, 0x0000023deadfa100, 0x0000023deae00910, 0x0000023deafdafd0,
0x0000023deaf8ac50, 0x0000023deb5d3bc0, 0x0000023deb2a0b60, 0x0000023deb2a04d0
}

Java Threads: ( => current thread )
  0x0000023d863e3b70 JavaThread "main"                              [_thread_blocked, id=17580, stack(0x000000cac6300000,0x000000cac6400000) (1024K)]
  0x0000023da4de1cd0 JavaThread "Reference Handler"          daemon [_thread_blocked, id=1192, stack(0x000000cac6b00000,0x000000cac6c00000) (1024K)]
  0x0000023da4de2bf0 JavaThread "Finalizer"                  daemon [_thread_blocked, id=13168, stack(0x000000cac6c00000,0x000000cac6d00000) (1024K)]
  0x0000023da4de71e0 JavaThread "Signal Dispatcher"          daemon [_thread_blocked, id=5652, stack(0x000000cac6d00000,0x000000cac6e00000) (1024K)]
  0x0000023da4de9c50 JavaThread "Attach Listener"            daemon [_thread_blocked, id=16880, stack(0x000000cac6e00000,0x000000cac6f00000) (1024K)]
  0x0000023da4dea6b0 JavaThread "Service Thread"             daemon [_thread_blocked, id=4772, stack(0x000000cac6f00000,0x000000cac7000000) (1024K)]
  0x0000023da4dec090 JavaThread "Monitor Deflation Thread"   daemon [_thread_blocked, id=19208, stack(0x000000cac7000000,0x000000cac7100000) (1024K)]
  0x0000023da4dfac00 JavaThread "C2 CompilerThread0"         daemon [_thread_blocked, id=20336, stack(0x000000cac7100000,0x000000cac7200000) (1024K)]
  0x0000023da4dfb2b0 JavaThread "C1 CompilerThread0"         daemon [_thread_blocked, id=19972, stack(0x000000cac7200000,0x000000cac7300000) (1024K)]
  0x0000023da4daa390 JavaThread "Common-Cleaner"             daemon [_thread_blocked, id=17944, stack(0x000000cac7300000,0x000000cac7400000) (1024K)]
  0x0000023deab9cfb0 JavaThread "Monitor Ctrl-Break"         daemon [_thread_in_native, id=17412, stack(0x000000cac7600000,0x000000cac7700000) (1024K)]
  0x0000023deab0e010 JavaThread "Notification Thread"        daemon [_thread_blocked, id=18916, stack(0x000000cac7700000,0x000000cac7800000) (1024K)]
  0x0000023deaf03c20 JavaThread "QuantumRenderer-0"          daemon [_thread_blocked, id=2264, stack(0x000000cac7500000,0x000000cac7600000) (1024K)]
  0x0000023deadfa100 JavaThread "InvokeLaterDispatcher"      daemon [_thread_blocked, id=18812, stack(0x000000cac7800000,0x000000cac7900000) (1024K)]
  0x0000023deae00910 JavaThread "JavaFX Application Thread"         [_thread_in_native, id=17016, stack(0x000000cac7900000,0x000000cac7a00000) (1024K)]
  0x0000023deafdafd0 JavaThread "Thread-1"                   daemon [_thread_in_native, id=10228, stack(0x000000cac7400000,0x000000cac7500000) (1024K)]
  0x0000023deaf8ac50 JavaThread "JavaFX-Launcher"                   [_thread_blocked, id=11420, stack(0x000000cac7d00000,0x000000cac7e00000) (1024K)]
  0x0000023deb5d3bc0 JavaThread "Prism Font Disposer"        daemon [_thread_blocked, id=15020, stack(0x000000cac8900000,0x000000cac8a00000) (1024K)]
  0x0000023deb2a0b60 JavaThread "Cleaner-0"                  daemon [_thread_blocked, id=6752, stack(0x000000cac8a00000,0x000000cac8b00000) (1024K)]
  0x0000023deb2a04d0 JavaThread "SIGINT handler"             daemon [_thread_blocked, id=15352, stack(0x000000cac6000000,0x000000cac6100000) (1024K)]
Total: 20

Other Threads:
=>0x0000023da4dbf450 VMThread "VM Thread"                           [id=14696, stack(0x000000cac6a00000,0x000000cac6b00000) (1024K)]
  0x0000023d88504ad0 WorkerThread "GC Thread#0"                     [id=8860, stack(0x000000cac6400000,0x000000cac6500000) (1024K)]
  0x0000023deb033b90 WorkerThread "GC Thread#1"                     [id=17124, stack(0x000000cac7e00000,0x000000cac7f00000) (1024K)]
  0x0000023deaf88f20 WorkerThread "GC Thread#2"                     [id=8216, stack(0x000000cac7f00000,0x000000cac8000000) (1024K)]
  0x0000023deb094cb0 WorkerThread "GC Thread#3"                     [id=9788, stack(0x000000cac8000000,0x000000cac8100000) (1024K)]
  0x0000023deb0356b0 WorkerThread "GC Thread#4"                     [id=19184, stack(0x000000cac8100000,0x000000cac8200000) (1024K)]
  0x0000023deb035a50 WorkerThread "GC Thread#5"                     [id=20388, stack(0x000000cac8200000,0x000000cac8300000) (1024K)]
  0x0000023deb035df0 WorkerThread "GC Thread#6"                     [id=8664, stack(0x000000cac8300000,0x000000cac8400000) (1024K)]
  0x0000023deb036190 WorkerThread "GC Thread#7"                     [id=18112, stack(0x000000cac8400000,0x000000cac8500000) (1024K)]
  0x0000023d885158e0 ConcurrentGCThread "G1 Main Marker"            terminated
  0x0000023d885163e0 WorkerThread "G1 Conc#0"                       [id=18780, stack(0x000000cac6600000,0x000000cac6700000) (1024K)]
  0x0000023da4c6b110 ConcurrentGCThread "G1 Refine#0"               terminated
  0x0000023da4c6bc80 ConcurrentGCThread "G1 Service"                terminated
Total: 13

Threads with active compile tasks:
C2 CompilerThread0   294749 3167       4       jdk.internal.org.objectweb.asm.SymbolTable::addConstantUtf8Reference (101 bytes)
Total: 1

VM state: at safepoint (shutting down)

VM Mutex/Monitor currently owned by a thread:  ([mutex/lock_event])
[0x00007ffcfa6ea5f8] Threads_lock - owner thread: 0x0000023da4dbf450
[0x00007ffcfa6ea6f8] Heap_lock - owner thread: 0x0000023deb2a04d0

Heap address: 0x0000000081c00000, size: 2020 MB, Compressed Oops mode: 32-bit

CDS archive(s) mapped at: [0x0000023da5000000-0x0000023da5c90000-0x0000023da5c90000), size 13172736, SharedBaseAddress: 0x0000023da5000000, ArchiveRelocationMode: 1.
Compressed class space mapped at: 0x0000023da6000000-0x0000023de6000000, reserved size: 1073741824
Narrow klass base: 0x0000023da5000000, Narrow klass shift: 0, Narrow klass range: 0x100000000

GC Precious Log:
 CardTable entry size: 512
 Card Set container configuration: InlinePtr #cards 5 size 8 Array Of Cards #cards 12 size 40 Howl #buckets 4 coarsen threshold 1843 Howl Bitmap #cards 512 size 80 coarsen threshold 460 Card regions per heap region 1 cards per card region 2048
 CPUs: 8 total, 8 available
 Memory: 8072M
 Large Page Support: Disabled
 NUMA Support: Disabled
 Compressed Oops: Enabled (32-bit)
 Heap Region Size: 1M
 Heap Min Capacity: 8M
 Heap Initial Capacity: 128M
 Heap Max Capacity: 2020M
 Pre-touch: Disabled
 Parallel Workers: 8
 Concurrent Workers: 2
 Concurrent Refinement Workers: 8
 Periodic GC: Disabled

Heap:
 garbage-first heap   total 131072K, used 34350K [0x0000000081c00000, 0x0000000100000000)
  region size 1024K, 29 young (29696K), 3 survivors (3072K)
 Metaspace       used 16580K, committed 16960K, reserved 1114112K
  class space    used 2380K, committed 2560K, reserved 1048576K

Heap Regions: E=young(eden), S=young(survivor), O=old, HS=humongous(starts), HC=humongous(continues), CS=collection set, F=free, TAMS=top-at-mark-start, PB=parsable bottom
|   0|0x0000000081c00000, 0x0000000081d00000, 0x0000000081d00000|100%| O|  |TAMS 0x0000000081c00000| PB 0x0000000081c00000| Untracked 
|   1|0x0000000081d00000, 0x0000000081e00000, 0x0000000081e00000|100%| O|  |TAMS 0x0000000081d00000| PB 0x0000000081d00000| Untracked 
|   2|0x0000000081e00000, 0x0000000081f00000, 0x0000000081f00000|100%| O|  |TAMS 0x0000000081e00000| PB 0x0000000081e00000| Untracked 
|   3|0x0000000081f00000, 0x0000000081f8b870, 0x0000000082000000| 54%| O|  |TAMS 0x0000000081f00000| PB 0x0000000081f00000| Untracked 
|   4|0x0000000082000000, 0x0000000082100000, 0x0000000082100000|100%|HS|  |TAMS 0x0000000082000000| PB 0x0000000082000000| Complete 
|   5|0x0000000082100000, 0x0000000082200000, 0x0000000082200000|100%|HC|  |TAMS 0x0000000082100000| PB 0x0000000082100000| Complete 
|   6|0x0000000082200000, 0x0000000082200000, 0x0000000082300000|  0%| F|  |TAMS 0x0000000082200000| PB 0x0000000082200000| Untracked 
|   7|0x0000000082300000, 0x0000000082300000, 0x0000000082400000|  0%| F|  |TAMS 0x0000000082300000| PB 0x0000000082300000| Untracked 
|   8|0x0000000082400000, 0x0000000082400000, 0x0000000082500000|  0%| F|  |TAMS 0x0000000082400000| PB 0x0000000082400000| Untracked 
|   9|0x0000000082500000, 0x0000000082500000, 0x0000000082600000|  0%| F|  |TAMS 0x0000000082500000| PB 0x0000000082500000| Untracked 
|  10|0x0000000082600000, 0x0000000082600000, 0x0000000082700000|  0%| F|  |TAMS 0x0000000082600000| PB 0x0000000082600000| Untracked 
|  11|0x0000000082700000, 0x0000000082700000, 0x0000000082800000|  0%| F|  |TAMS 0x0000000082700000| PB 0x0000000082700000| Untracked 
|  12|0x0000000082800000, 0x0000000082800000, 0x0000000082900000|  0%| F|  |TAMS 0x0000000082800000| PB 0x0000000082800000| Untracked 
|  13|0x0000000082900000, 0x0000000082900000, 0x0000000082a00000|  0%| F|  |TAMS 0x0000000082900000| PB 0x0000000082900000| Untracked 
|  14|0x0000000082a00000, 0x0000000082a00000, 0x0000000082b00000|  0%| F|  |TAMS 0x0000000082a00000| PB 0x0000000082a00000| Untracked 
|  15|0x0000000082b00000, 0x0000000082b00000, 0x0000000082c00000|  0%| F|  |TAMS 0x0000000082b00000| PB 0x0000000082b00000| Untracked 
|  16|0x0000000082c00000, 0x0000000082c00000, 0x0000000082d00000|  0%| F|  |TAMS 0x0000000082c00000| PB 0x0000000082c00000| Untracked 
|  17|0x0000000082d00000, 0x0000000082d00000, 0x0000000082e00000|  0%| F|  |TAMS 0x0000000082d00000| PB 0x0000000082d00000| Untracked 
|  18|0x0000000082e00000, 0x0000000082e00000, 0x0000000082f00000|  0%| F|  |TAMS 0x0000000082e00000| PB 0x0000000082e00000| Untracked 
|  19|0x0000000082f00000, 0x0000000082f00000, 0x0000000083000000|  0%| F|  |TAMS 0x0000000082f00000| PB 0x0000000082f00000| Untracked 
|  20|0x0000000083000000, 0x0000000083000000, 0x0000000083100000|  0%| F|  |TAMS 0x0000000083000000| PB 0x0000000083000000| Untracked 
|  21|0x0000000083100000, 0x0000000083100000, 0x0000000083200000|  0%| F|  |TAMS 0x0000000083100000| PB 0x0000000083100000| Untracked 
|  22|0x0000000083200000, 0x0000000083200000, 0x0000000083300000|  0%| F|  |TAMS 0x0000000083200000| PB 0x0000000083200000| Untracked 
|  23|0x0000000083300000, 0x0000000083300000, 0x0000000083400000|  0%| F|  |TAMS 0x0000000083300000| PB 0x0000000083300000| Untracked 
|  24|0x0000000083400000, 0x0000000083400000, 0x0000000083500000|  0%| F|  |TAMS 0x0000000083400000| PB 0x0000000083400000| Untracked 
|  25|0x0000000083500000, 0x0000000083500000, 0x0000000083600000|  0%| F|  |TAMS 0x0000000083500000| PB 0x0000000083500000| Untracked 
|  26|0x0000000083600000, 0x0000000083600000, 0x0000000083700000|  0%| F|  |TAMS 0x0000000083600000| PB 0x0000000083600000| Untracked 
|  27|0x0000000083700000, 0x0000000083700000, 0x0000000083800000|  0%| F|  |TAMS 0x0000000083700000| PB 0x0000000083700000| Untracked 
|  28|0x0000000083800000, 0x0000000083800000, 0x0000000083900000|  0%| F|  |TAMS 0x0000000083800000| PB 0x0000000083800000| Untracked 
|  29|0x0000000083900000, 0x0000000083900000, 0x0000000083a00000|  0%| F|  |TAMS 0x0000000083900000| PB 0x0000000083900000| Untracked 
|  30|0x0000000083a00000, 0x0000000083a00000, 0x0000000083b00000|  0%| F|  |TAMS 0x0000000083a00000| PB 0x0000000083a00000| Untracked 
|  31|0x0000000083b00000, 0x0000000083b00000, 0x0000000083c00000|  0%| F|  |TAMS 0x0000000083b00000| PB 0x0000000083b00000| Untracked 
|  32|0x0000000083c00000, 0x0000000083c00000, 0x0000000083d00000|  0%| F|  |TAMS 0x0000000083c00000| PB 0x0000000083c00000| Untracked 
|  33|0x0000000083d00000, 0x0000000083d00000, 0x0000000083e00000|  0%| F|  |TAMS 0x0000000083d00000| PB 0x0000000083d00000| Untracked 
|  34|0x0000000083e00000, 0x0000000083e00000, 0x0000000083f00000|  0%| F|  |TAMS 0x0000000083e00000| PB 0x0000000083e00000| Untracked 
|  35|0x0000000083f00000, 0x0000000083f00000, 0x0000000084000000|  0%| F|  |TAMS 0x0000000083f00000| PB 0x0000000083f00000| Untracked 
|  36|0x0000000084000000, 0x0000000084000000, 0x0000000084100000|  0%| F|  |TAMS 0x0000000084000000| PB 0x0000000084000000| Untracked 
|  37|0x0000000084100000, 0x0000000084100000, 0x0000000084200000|  0%| F|  |TAMS 0x0000000084100000| PB 0x0000000084100000| Untracked 
|  38|0x0000000084200000, 0x0000000084200000, 0x0000000084300000|  0%| F|  |TAMS 0x0000000084200000| PB 0x0000000084200000| Untracked 
|  39|0x0000000084300000, 0x0000000084300000, 0x0000000084400000|  0%| F|  |TAMS 0x0000000084300000| PB 0x0000000084300000| Untracked 
|  40|0x0000000084400000, 0x0000000084400000, 0x0000000084500000|  0%| F|  |TAMS 0x0000000084400000| PB 0x0000000084400000| Untracked 
|  41|0x0000000084500000, 0x0000000084500000, 0x0000000084600000|  0%| F|  |TAMS 0x0000000084500000| PB 0x0000000084500000| Untracked 
|  42|0x0000000084600000, 0x0000000084600000, 0x0000000084700000|  0%| F|  |TAMS 0x0000000084600000| PB 0x0000000084600000| Untracked 
|  43|0x0000000084700000, 0x0000000084700000, 0x0000000084800000|  0%| F|  |TAMS 0x0000000084700000| PB 0x0000000084700000| Untracked 
|  44|0x0000000084800000, 0x0000000084800000, 0x0000000084900000|  0%| F|  |TAMS 0x0000000084800000| PB 0x0000000084800000| Untracked 
|  45|0x0000000084900000, 0x0000000084900000, 0x0000000084a00000|  0%| F|  |TAMS 0x0000000084900000| PB 0x0000000084900000| Untracked 
|  46|0x0000000084a00000, 0x0000000084a00000, 0x0000000084b00000|  0%| F|  |TAMS 0x0000000084a00000| PB 0x0000000084a00000| Untracked 
|  47|0x0000000084b00000, 0x0000000084b00000, 0x0000000084c00000|  0%| F|  |TAMS 0x0000000084b00000| PB 0x0000000084b00000| Untracked 
|  48|0x0000000084c00000, 0x0000000084c00000, 0x0000000084d00000|  0%| F|  |TAMS 0x0000000084c00000| PB 0x0000000084c00000| Untracked 
|  49|0x0000000084d00000, 0x0000000084d00000, 0x0000000084e00000|  0%| F|  |TAMS 0x0000000084d00000| PB 0x0000000084d00000| Untracked 
|  50|0x0000000084e00000, 0x0000000084e00000, 0x0000000084f00000|  0%| F|  |TAMS 0x0000000084e00000| PB 0x0000000084e00000| Untracked 
|  51|0x0000000084f00000, 0x0000000084f00000, 0x0000000085000000|  0%| F|  |TAMS 0x0000000084f00000| PB 0x0000000084f00000| Untracked 
|  52|0x0000000085000000, 0x0000000085000000, 0x0000000085100000|  0%| F|  |TAMS 0x0000000085000000| PB 0x0000000085000000| Untracked 
|  53|0x0000000085100000, 0x0000000085100000, 0x0000000085200000|  0%| F|  |TAMS 0x0000000085100000| PB 0x0000000085100000| Untracked 
|  54|0x0000000085200000, 0x0000000085200000, 0x0000000085300000|  0%| F|  |TAMS 0x0000000085200000| PB 0x0000000085200000| Untracked 
|  55|0x0000000085300000, 0x0000000085300000, 0x0000000085400000|  0%| F|  |TAMS 0x0000000085300000| PB 0x0000000085300000| Untracked 
|  56|0x0000000085400000, 0x0000000085400000, 0x0000000085500000|  0%| F|  |TAMS 0x0000000085400000| PB 0x0000000085400000| Untracked 
|  57|0x0000000085500000, 0x0000000085500000, 0x0000000085600000|  0%| F|  |TAMS 0x0000000085500000| PB 0x0000000085500000| Untracked 
|  58|0x0000000085600000, 0x0000000085600000, 0x0000000085700000|  0%| F|  |TAMS 0x0000000085600000| PB 0x0000000085600000| Untracked 
|  59|0x0000000085700000, 0x0000000085700000, 0x0000000085800000|  0%| F|  |TAMS 0x0000000085700000| PB 0x0000000085700000| Untracked 
|  60|0x0000000085800000, 0x0000000085800000, 0x0000000085900000|  0%| F|  |TAMS 0x0000000085800000| PB 0x0000000085800000| Untracked 
|  61|0x0000000085900000, 0x0000000085900000, 0x0000000085a00000|  0%| F|  |TAMS 0x0000000085900000| PB 0x0000000085900000| Untracked 
|  62|0x0000000085a00000, 0x0000000085a00000, 0x0000000085b00000|  0%| F|  |TAMS 0x0000000085a00000| PB 0x0000000085a00000| Untracked 
|  63|0x0000000085b00000, 0x0000000085b00000, 0x0000000085c00000|  0%| F|  |TAMS 0x0000000085b00000| PB 0x0000000085b00000| Untracked 
|  64|0x0000000085c00000, 0x0000000085c00000, 0x0000000085d00000|  0%| F|  |TAMS 0x0000000085c00000| PB 0x0000000085c00000| Untracked 
|  65|0x0000000085d00000, 0x0000000085d00000, 0x0000000085e00000|  0%| F|  |TAMS 0x0000000085d00000| PB 0x0000000085d00000| Untracked 
|  66|0x0000000085e00000, 0x0000000085e00000, 0x0000000085f00000|  0%| F|  |TAMS 0x0000000085e00000| PB 0x0000000085e00000| Untracked 
|  67|0x0000000085f00000, 0x0000000085f00000, 0x0000000086000000|  0%| F|  |TAMS 0x0000000085f00000| PB 0x0000000085f00000| Untracked 
|  68|0x0000000086000000, 0x0000000086000000, 0x0000000086100000|  0%| F|  |TAMS 0x0000000086000000| PB 0x0000000086000000| Untracked 
|  69|0x0000000086100000, 0x0000000086100000, 0x0000000086200000|  0%| F|  |TAMS 0x0000000086100000| PB 0x0000000086100000| Untracked 
|  70|0x0000000086200000, 0x0000000086200000, 0x0000000086300000|  0%| F|  |TAMS 0x0000000086200000| PB 0x0000000086200000| Untracked 
|  71|0x0000000086300000, 0x0000000086300000, 0x0000000086400000|  0%| F|  |TAMS 0x0000000086300000| PB 0x0000000086300000| Untracked 
|  72|0x0000000086400000, 0x0000000086400000, 0x0000000086500000|  0%| F|  |TAMS 0x0000000086400000| PB 0x0000000086400000| Untracked 
|  73|0x0000000086500000, 0x0000000086500000, 0x0000000086600000|  0%| F|  |TAMS 0x0000000086500000| PB 0x0000000086500000| Untracked 
|  74|0x0000000086600000, 0x0000000086600000, 0x0000000086700000|  0%| F|  |TAMS 0x0000000086600000| PB 0x0000000086600000| Untracked 
|  75|0x0000000086700000, 0x0000000086700000, 0x0000000086800000|  0%| F|  |TAMS 0x0000000086700000| PB 0x0000000086700000| Untracked 
|  76|0x0000000086800000, 0x0000000086800000, 0x0000000086900000|  0%| F|  |TAMS 0x0000000086800000| PB 0x0000000086800000| Untracked 
|  77|0x0000000086900000, 0x0000000086900000, 0x0000000086a00000|  0%| F|  |TAMS 0x0000000086900000| PB 0x0000000086900000| Untracked 
|  78|0x0000000086a00000, 0x0000000086a00000, 0x0000000086b00000|  0%| F|  |TAMS 0x0000000086a00000| PB 0x0000000086a00000| Untracked 
|  79|0x0000000086b00000, 0x0000000086b00000, 0x0000000086c00000|  0%| F|  |TAMS 0x0000000086b00000| PB 0x0000000086b00000| Untracked 
|  80|0x0000000086c00000, 0x0000000086c00000, 0x0000000086d00000|  0%| F|  |TAMS 0x0000000086c00000| PB 0x0000000086c00000| Untracked 
|  81|0x0000000086d00000, 0x0000000086d00000, 0x0000000086e00000|  0%| F|  |TAMS 0x0000000086d00000| PB 0x0000000086d00000| Untracked 
|  82|0x0000000086e00000, 0x0000000086e00000, 0x0000000086f00000|  0%| F|  |TAMS 0x0000000086e00000| PB 0x0000000086e00000| Untracked 
|  83|0x0000000086f00000, 0x0000000086f00000, 0x0000000087000000|  0%| F|  |TAMS 0x0000000086f00000| PB 0x0000000086f00000| Untracked 
|  84|0x0000000087000000, 0x0000000087000000, 0x0000000087100000|  0%| F|  |TAMS 0x0000000087000000| PB 0x0000000087000000| Untracked 
|  85|0x0000000087100000, 0x0000000087100000, 0x0000000087200000|  0%| F|  |TAMS 0x0000000087100000| PB 0x0000000087100000| Untracked 
|  86|0x0000000087200000, 0x0000000087200000, 0x0000000087300000|  0%| F|  |TAMS 0x0000000087200000| PB 0x0000000087200000| Untracked 
|  87|0x0000000087300000, 0x0000000087300000, 0x0000000087400000|  0%| F|  |TAMS 0x0000000087300000| PB 0x0000000087300000| Untracked 
|  88|0x0000000087400000, 0x0000000087400000, 0x0000000087500000|  0%| F|  |TAMS 0x0000000087400000| PB 0x0000000087400000| Untracked 
|  89|0x0000000087500000, 0x0000000087500000, 0x0000000087600000|  0%| F|  |TAMS 0x0000000087500000| PB 0x0000000087500000| Untracked 
|  90|0x0000000087600000, 0x0000000087600000, 0x0000000087700000|  0%| F|  |TAMS 0x0000000087600000| PB 0x0000000087600000| Untracked 
|  91|0x0000000087700000, 0x0000000087800000, 0x0000000087800000|100%| S|CS|TAMS 0x0000000087700000| PB 0x0000000087700000| Complete 
|  92|0x0000000087800000, 0x0000000087900000, 0x0000000087900000|100%| S|CS|TAMS 0x0000000087800000| PB 0x0000000087800000| Complete 
|  93|0x0000000087900000, 0x0000000087a00000, 0x0000000087a00000|100%| S|CS|TAMS 0x0000000087900000| PB 0x0000000087900000| Complete 
|  94|0x0000000087a00000, 0x0000000087a00000, 0x0000000087b00000|  0%| F|  |TAMS 0x0000000087a00000| PB 0x0000000087a00000| Untracked 
|  95|0x0000000087b00000, 0x0000000087b00000, 0x0000000087c00000|  0%| F|  |TAMS 0x0000000087b00000| PB 0x0000000087b00000| Untracked 
|  96|0x0000000087c00000, 0x0000000087c00000, 0x0000000087d00000|  0%| F|  |TAMS 0x0000000087c00000| PB 0x0000000087c00000| Untracked 
|  97|0x0000000087d00000, 0x0000000087d00000, 0x0000000087e00000|  0%| F|  |TAMS 0x0000000087d00000| PB 0x0000000087d00000| Untracked 
|  98|0x0000000087e00000, 0x0000000087e00000, 0x0000000087f00000|  0%| F|  |TAMS 0x0000000087e00000| PB 0x0000000087e00000| Untracked 
|  99|0x0000000087f00000, 0x0000000087f00000, 0x0000000088000000|  0%| F|  |TAMS 0x0000000087f00000| PB 0x0000000087f00000| Untracked 
| 100|0x0000000088000000, 0x0000000088000000, 0x0000000088100000|  0%| F|  |TAMS 0x0000000088000000| PB 0x0000000088000000| Untracked 
| 101|0x0000000088100000, 0x0000000088100000, 0x0000000088200000|  0%| F|  |TAMS 0x0000000088100000| PB 0x0000000088100000| Untracked 
| 102|0x0000000088200000, 0x00000000882bb680, 0x0000000088300000| 73%| E|  |TAMS 0x0000000088200000| PB 0x0000000088200000| Complete 
| 103|0x0000000088300000, 0x0000000088400000, 0x0000000088400000|100%| E|CS|TAMS 0x0000000088300000| PB 0x0000000088300000| Complete 
| 104|0x0000000088400000, 0x0000000088500000, 0x0000000088500000|100%| E|CS|TAMS 0x0000000088400000| PB 0x0000000088400000| Complete 
| 105|0x0000000088500000, 0x0000000088600000, 0x0000000088600000|100%| E|CS|TAMS 0x0000000088500000| PB 0x0000000088500000| Complete 
| 106|0x0000000088600000, 0x0000000088700000, 0x0000000088700000|100%| E|CS|TAMS 0x0000000088600000| PB 0x0000000088600000| Complete 
| 107|0x0000000088700000, 0x0000000088800000, 0x0000000088800000|100%| E|CS|TAMS 0x0000000088700000| PB 0x0000000088700000| Complete 
| 108|0x0000000088800000, 0x0000000088900000, 0x0000000088900000|100%| E|CS|TAMS 0x0000000088800000| PB 0x0000000088800000| Complete 
| 109|0x0000000088900000, 0x0000000088a00000, 0x0000000088a00000|100%| E|CS|TAMS 0x0000000088900000| PB 0x0000000088900000| Complete 
| 110|0x0000000088a00000, 0x0000000088b00000, 0x0000000088b00000|100%| E|CS|TAMS 0x0000000088a00000| PB 0x0000000088a00000| Complete 
| 111|0x0000000088b00000, 0x0000000088c00000, 0x0000000088c00000|100%| E|CS|TAMS 0x0000000088b00000| PB 0x0000000088b00000| Complete 
| 112|0x0000000088c00000, 0x0000000088d00000, 0x0000000088d00000|100%| E|CS|TAMS 0x0000000088c00000| PB 0x0000000088c00000| Complete 
| 113|0x0000000088d00000, 0x0000000088e00000, 0x0000000088e00000|100%| E|CS|TAMS 0x0000000088d00000| PB 0x0000000088d00000| Complete 
| 114|0x0000000088e00000, 0x0000000088f00000, 0x0000000088f00000|100%| E|CS|TAMS 0x0000000088e00000| PB 0x0000000088e00000| Complete 
| 115|0x0000000088f00000, 0x0000000089000000, 0x0000000089000000|100%| E|CS|TAMS 0x0000000088f00000| PB 0x0000000088f00000| Complete 
| 116|0x0000000089000000, 0x0000000089100000, 0x0000000089100000|100%| E|CS|TAMS 0x0000000089000000| PB 0x0000000089000000| Complete 
| 117|0x0000000089100000, 0x0000000089200000, 0x0000000089200000|100%| E|CS|TAMS 0x0000000089100000| PB 0x0000000089100000| Complete 
| 118|0x0000000089200000, 0x0000000089300000, 0x0000000089300000|100%| E|CS|TAMS 0x0000000089200000| PB 0x0000000089200000| Complete 
| 119|0x0000000089300000, 0x0000000089400000, 0x0000000089400000|100%| E|CS|TAMS 0x0000000089300000| PB 0x0000000089300000| Complete 
| 120|0x0000000089400000, 0x0000000089500000, 0x0000000089500000|100%| E|CS|TAMS 0x0000000089400000| PB 0x0000000089400000| Complete 
| 121|0x0000000089500000, 0x0000000089600000, 0x0000000089600000|100%| E|CS|TAMS 0x0000000089500000| PB 0x0000000089500000| Complete 
| 122|0x0000000089600000, 0x0000000089700000, 0x0000000089700000|100%| E|CS|TAMS 0x0000000089600000| PB 0x0000000089600000| Complete 
| 123|0x0000000089700000, 0x0000000089800000, 0x0000000089800000|100%| E|CS|TAMS 0x0000000089700000| PB 0x0000000089700000| Complete 
| 124|0x0000000089800000, 0x0000000089900000, 0x0000000089900000|100%| E|CS|TAMS 0x0000000089800000| PB 0x0000000089800000| Complete 
| 125|0x0000000089900000, 0x0000000089a00000, 0x0000000089a00000|100%| E|CS|TAMS 0x0000000089900000| PB 0x0000000089900000| Complete 
| 126|0x0000000089a00000, 0x0000000089b00000, 0x0000000089b00000|100%| E|CS|TAMS 0x0000000089a00000| PB 0x0000000089a00000| Complete 
| 127|0x0000000089b00000, 0x0000000089c00000, 0x0000000089c00000|100%| E|CS|TAMS 0x0000000089b00000| PB 0x0000000089b00000| Complete 

Card table byte_map: [0x0000023da0030000,0x0000023da0430000] _byte_map_base: 0x0000023d9fc22000

Marking Bits: (CMBitMap*) 0x0000023d885051d0
 Bits: [0x0000023da0430000, 0x0000023da23c0000)

Polling page: 0x0000023d86650000

Metaspace:

Usage:
  Non-class:     13.87 MB used.
      Class:      2.32 MB used.
       Both:     16.19 MB used.

Virtual space:
  Non-class space:       64.00 MB reserved,      14.06 MB ( 22%) committed,  1 nodes.
      Class space:        1.00 GB reserved,       2.50 MB ( <1%) committed,  1 nodes.
             Both:        1.06 GB reserved,      16.56 MB (  2%) committed. 

Chunk freelists:
   Non-Class:  1.50 MB
       Class:  13.48 MB
        Both:  14.98 MB

MaxMetaspaceSize: unlimited
CompressedClassSpaceSize: 1.00 GB
Initial GC threshold: 21.00 MB
Current GC threshold: 21.00 MB
CDS: on
 - commit_granule_bytes: 65536.
 - commit_granule_words: 8192.
 - virtual_space_node_default_size: 8388608.
 - enlarge_chunks_in_place: 1.
 - use_allocation_guard: 0.


Internal statistics:

num_allocs_failed_limit: 0.
num_arena_births: 388.
num_arena_deaths: 0.
num_vsnodes_births: 2.
num_vsnodes_deaths: 0.
num_space_committed: 265.
num_space_uncommitted: 0.
num_chunks_returned_to_freelist: 0.
num_chunks_taken_from_freelist: 918.
num_chunk_merges: 0.
num_chunk_splits: 623.
num_chunks_enlarged: 457.
num_inconsistent_stats: 0.

CodeHeap 'non-profiled nmethods': size=120000Kb used=1276Kb max_used=1276Kb free=118723Kb
 bounds [0x0000023d983d0000, 0x0000023d98640000, 0x0000023d9f900000]
CodeHeap 'profiled nmethods': size=120000Kb used=6170Kb max_used=6170Kb free=113829Kb
 bounds [0x0000023d90900000, 0x0000023d90f10000, 0x0000023d97e30000]
CodeHeap 'non-nmethods': size=5760Kb used=1806Kb max_used=1847Kb free=3953Kb
 bounds [0x0000023d97e30000, 0x0000023d980a0000, 0x0000023d983d0000]
 total_blobs=3986 nmethods=3164 adapters=725
 compilation: enabled
              stopped_count=0, restarted_count=0
 full_count=0

Compilation events (20 events):
Event: 133.257 Thread 0x0000023da4dfb2b0 nmethod 3157 0x0000023d90f04410 code [0x0000023d90f045e0, 0x0000023d90f04990]
Event: 133.257 Thread 0x0000023da4dfb2b0 3158       3       javafx.scene.Scene::processMouseEvent (10 bytes)
Event: 133.258 Thread 0x0000023da4dfb2b0 nmethod 3158 0x0000023d90f04b90 code [0x0000023d90f04d40, 0x0000023d90f04e90]
Event: 133.258 Thread 0x0000023da4dfb2b0 3159       3       java.util.EnumMap::values (25 bytes)
Event: 133.258 Thread 0x0000023da4dfb2b0 nmethod 3159 0x0000023d90f04f90 code [0x0000023d90f05160, 0x0000023d90f054e0]
Event: 133.258 Thread 0x0000023da4dfb2b0 3160       3       java.util.EnumMap$Values::iterator (12 bytes)
Event: 133.258 Thread 0x0000023da4dfb2b0 nmethod 3160 0x0000023d90f05610 code [0x0000023d90f057c0, 0x0000023d90f05b10]
Event: 133.259 Thread 0x0000023da4dfb2b0 3161       3       java.util.EnumMap$ValueIterator::<init> (11 bytes)
Event: 133.259 Thread 0x0000023da4dfb2b0 nmethod 3161 0x0000023d90f05c10 code [0x0000023d90f05dc0, 0x0000023d90f06050]
Event: 133.259 Thread 0x0000023da4dfb2b0 3162       3       java.util.EnumMap$EnumMapIterator::<init> (20 bytes)
Event: 133.259 Thread 0x0000023da4dfb2b0 nmethod 3162 0x0000023d90f06110 code [0x0000023d90f062c0, 0x0000023d90f06498]
Event: 133.720 Thread 0x0000023da4dfac00 3163       4       com.sun.javafx.geom.Vec3d::set (25 bytes)
Event: 133.720 Thread 0x0000023da4dfac00 nmethod 3163 0x0000023d9850e190 code [0x0000023d9850e320, 0x0000023d9850e3e0]
Event: 133.734 Thread 0x0000023da4dfb2b0 3164       3       com.sun.javafx.util.Logging::getInputLogger (18 bytes)
Event: 133.735 Thread 0x0000023da4dfb2b0 nmethod 3164 0x0000023d90f06590 code [0x0000023d90f06740, 0x0000023d90f06910]
Event: 134.893 Thread 0x0000023da4dfac00 3165       4       com.sun.javafx.event.EventHandlerManager::dispatchBubblingEvent (41 bytes)
Event: 134.905 Thread 0x0000023da4dfac00 nmethod 3165 0x0000023d9850e490 code [0x0000023d9850e680, 0x0000023d9850ea78]
Event: 136.056 Thread 0x0000023da4dfac00 3166       4       com.sun.glass.ui.Application::checkEventThread (35 bytes)
Event: 136.057 Thread 0x0000023da4dfac00 nmethod 3166 0x0000023d9850ee90 code [0x0000023d9850f020, 0x0000023d9850f0c0]
Event: 293.782 Thread 0x0000023da4dfac00 3167       4       jdk.internal.org.objectweb.asm.SymbolTable::addConstantUtf8Reference (101 bytes)

GC Heap History (4 events):
Event: 1.674 GC heap before
{Heap before GC invocations=0 (full 0):
 garbage-first heap   total 131072K, used 22528K [0x0000000081c00000, 0x0000000100000000)
  region size 1024K, 23 young (23552K), 0 survivors (0K)
 Metaspace       used 4875K, committed 5120K, reserved 1114112K
  class space    used 530K, committed 640K, reserved 1048576K
}
Event: 1.684 GC heap after
{Heap after GC invocations=1 (full 0):
 garbage-first heap   total 131072K, used 3743K [0x0000000081c00000, 0x0000000100000000)
  region size 1024K, 3 young (3072K), 3 survivors (3072K)
 Metaspace       used 4875K, committed 5120K, reserved 1114112K
  class space    used 530K, committed 640K, reserved 1048576K
}
Event: 3.169 GC heap before
{Heap before GC invocations=1 (full 0):
 garbage-first heap   total 131072K, used 34463K [0x0000000081c00000, 0x0000000100000000)
  region size 1024K, 34 young (34816K), 3 survivors (3072K)
 Metaspace       used 12099K, committed 12352K, reserved 1114112K
  class space    used 1670K, committed 1792K, reserved 1048576K
}
Event: 3.179 GC heap after
{Heap after GC invocations=2 (full 0):
 garbage-first heap   total 131072K, used 6702K [0x0000000081c00000, 0x0000000100000000)
  region size 1024K, 3 young (3072K), 3 survivors (3072K)
 Metaspace       used 12099K, committed 12352K, reserved 1114112K
  class space    used 1670K, committed 1792K, reserved 1048576K
}

Dll operation events (20 events):
Event: 1.025 Loaded shared library C:\Users\ilonk\.openjfx\cache\21-ea+5\amd64\api-ms-win-crt-locale-l1-1-0.dll
Event: 1.032 Loaded shared library C:\Users\ilonk\.openjfx\cache\21-ea+5\amd64\api-ms-win-crt-math-l1-1-0.dll
Event: 1.038 Loaded shared library C:\Users\ilonk\.openjfx\cache\21-ea+5\amd64\api-ms-win-crt-multibyte-l1-1-0.dll
Event: 1.045 Loaded shared library C:\Users\ilonk\.openjfx\cache\21-ea+5\amd64\api-ms-win-crt-private-l1-1-0.dll
Event: 1.052 Loaded shared library C:\Users\ilonk\.openjfx\cache\21-ea+5\amd64\api-ms-win-crt-process-l1-1-0.dll
Event: 1.058 Loaded shared library C:\Users\ilonk\.openjfx\cache\21-ea+5\amd64\api-ms-win-crt-runtime-l1-1-0.dll
Event: 1.066 Loaded shared library C:\Users\ilonk\.openjfx\cache\21-ea+5\amd64\api-ms-win-crt-stdio-l1-1-0.dll
Event: 1.072 Loaded shared library C:\Users\ilonk\.openjfx\cache\21-ea+5\amd64\api-ms-win-crt-string-l1-1-0.dll
Event: 1.077 Loaded shared library C:\Users\ilonk\.openjfx\cache\21-ea+5\amd64\api-ms-win-crt-time-l1-1-0.dll
Event: 1.085 Loaded shared library C:\Users\ilonk\.openjfx\cache\21-ea+5\amd64\api-ms-win-crt-utility-l1-1-0.dll
Event: 1.116 Loaded shared library C:\Users\ilonk\.openjfx\cache\21-ea+5\amd64\ucrtbase.dll
Event: 1.126 Loaded shared library C:\Users\ilonk\.openjfx\cache\21-ea+5\amd64\vcruntime140.dll
Event: 1.137 Loaded shared library C:\Users\ilonk\.openjfx\cache\21-ea+5\amd64\vcruntime140_1.dll
Event: 1.157 Loaded shared library C:\Users\ilonk\.openjfx\cache\21-ea+5\amd64\msvcp140.dll
Event: 1.167 Loaded shared library C:\Users\ilonk\.openjfx\cache\21-ea+5\amd64\msvcp140_1.dll
Event: 1.178 Loaded shared library C:\Users\ilonk\.openjfx\cache\21-ea+5\amd64\msvcp140_2.dll
Event: 1.197 Loaded shared library C:\Users\ilonk\.jdks\openjdk-21.0.1-1\bin\jimage.dll
Event: 1.329 Loaded shared library C:\Users\ilonk\.openjfx\cache\21-ea+5\amd64\prism_d3d.dll
Event: 1.434 Loaded shared library C:\Users\ilonk\.openjfx\cache\21-ea+5\amd64\glass.dll
Event: 2.178 Loaded shared library C:\Users\ilonk\.openjfx\cache\21-ea+5\amd64\javafx_font.dll

Deoptimization events (20 events):
Event: 3.966 Thread 0x0000023deaf03c20 DEOPT PACKING pc=0x0000023d984430c0 sp=0x000000cac75fdb20
Event: 3.966 Thread 0x0000023deaf03c20 DEOPT UNPACKING pc=0x0000023d97e846a2 sp=0x000000cac75fdad8 mode 2
Event: 3.980 Thread 0x0000023deaf03c20 Uncommon trap: trap_request=0xffffffde fr.pc=0x0000023d984430c0 relative=0x00000000000004c0
Event: 3.980 Thread 0x0000023deaf03c20 Uncommon trap: reason=class_check action=maybe_recompile pc=0x0000023d984430c0 method=java.io.BufferedInputStream.read1([BII)I @ 52 c2
Event: 3.980 Thread 0x0000023deaf03c20 DEOPT PACKING pc=0x0000023d984430c0 sp=0x000000cac75fdbf0
Event: 3.980 Thread 0x0000023deaf03c20 DEOPT UNPACKING pc=0x0000023d97e846a2 sp=0x000000cac75fdba8 mode 2
Event: 4.001 Thread 0x0000023deaf03c20 Uncommon trap: trap_request=0xffffffde fr.pc=0x0000023d984430c0 relative=0x00000000000004c0
Event: 4.001 Thread 0x0000023deaf03c20 Uncommon trap: reason=class_check action=maybe_recompile pc=0x0000023d984430c0 method=java.io.BufferedInputStream.read1([BII)I @ 52 c2
Event: 4.001 Thread 0x0000023deaf03c20 DEOPT PACKING pc=0x0000023d984430c0 sp=0x000000cac75fdf40
Event: 4.001 Thread 0x0000023deaf03c20 DEOPT UNPACKING pc=0x0000023d97e846a2 sp=0x000000cac75fdef8 mode 2
Event: 6.885 Thread 0x0000023deaf03c20 DEOPT PACKING pc=0x0000023d90ccbfca sp=0x000000cac75fdf60
Event: 6.885 Thread 0x0000023deaf03c20 DEOPT UNPACKING pc=0x0000023d97e84e42 sp=0x000000cac75fd3b8 mode 0
Event: 6.887 Thread 0x0000023deaf03c20 DEOPT PACKING pc=0x0000023d90ccbfca sp=0x000000cac75fdf60
Event: 6.887 Thread 0x0000023deaf03c20 DEOPT UNPACKING pc=0x0000023d97e84e42 sp=0x000000cac75fd3b8 mode 0
Event: 6.888 Thread 0x0000023deaf03c20 DEOPT PACKING pc=0x0000023d90ccbfca sp=0x000000cac75fdf60
Event: 6.888 Thread 0x0000023deaf03c20 DEOPT UNPACKING pc=0x0000023d97e84e42 sp=0x000000cac75fd3b8 mode 0
Event: 6.889 Thread 0x0000023deaf03c20 DEOPT PACKING pc=0x0000023d90ccbfca sp=0x000000cac75fdf60
Event: 6.889 Thread 0x0000023deaf03c20 DEOPT UNPACKING pc=0x0000023d97e84e42 sp=0x000000cac75fd3b8 mode 0
Event: 11.316 Thread 0x0000023deaf03c20 DEOPT PACKING pc=0x0000023d90d15fda sp=0x000000cac75fe1c0
Event: 11.316 Thread 0x0000023deaf03c20 DEOPT UNPACKING pc=0x0000023d97e84e42 sp=0x000000cac75fd670 mode 0

Classes loaded (20 events):
Event: 4.048 Loading class sun/misc/Unsafe
Event: 4.049 Loading class sun/misc/Unsafe done
Event: 4.050 Loading class java/lang/invoke/DirectMethodHandle$StaticAccessor
Event: 4.050 Loading class java/lang/invoke/DirectMethodHandle$StaticAccessor done
Event: 4.140 Loading class java/lang/FdLibm$Atan2
Event: 4.141 Loading class java/lang/FdLibm$Atan2 done
Event: 5.632 Loading class java/util/EnumMap$Values
Event: 5.633 Loading class java/util/EnumMap$Values done
Event: 5.633 Loading class java/util/EnumMap$ValueIterator
Event: 5.633 Loading class java/util/EnumMap$EnumMapIterator
Event: 5.633 Loading class java/util/EnumMap$EnumMapIterator done
Event: 5.633 Loading class java/util/EnumMap$ValueIterator done
Event: 6.851 Loading class java/io/UnsupportedEncodingException
Event: 6.851 Loading class java/io/UnsupportedEncodingException done
Event: 12.286 Loading class jdk/internal/foreign/MemorySessionImpl
Event: 12.289 Loading class java/lang/foreign/MemorySegment$Scope
Event: 12.289 Loading class java/lang/foreign/MemorySegment$Scope done
Event: 12.289 Loading class jdk/internal/foreign/MemorySessionImpl done
Event: 293.778 Loading class jdk/internal/misc/Signal$1
Event: 293.779 Loading class jdk/internal/misc/Signal$1 done

Classes unloaded (0 events):
No events

Classes redefined (0 events):
No events

Internal exceptions (20 events):
Event: 2.586 Thread 0x0000023deae00910 Exception <a 'java/lang/NoSuchMethodError'{0x00000000886b7628}: 'java.lang.Object java.lang.invoke.DirectMethodHandle$Holder.newInvokeSpecial(java.lang.Object, double)'> (0x00000000886b7628) 
thrown [s\open\src\hotspot\share\interpreter\linkResolver.cpp, line 773]
Event: 2.789 Thread 0x0000023deae00910 Exception <a 'sun/nio/fs/WindowsException'{0x00000000880a6e40}> (0x00000000880a6e40) 
thrown [s\open\src\hotspot\share\prims\jni.cpp, line 520]
Event: 2.841 Thread 0x0000023deae00910 Implicit null exception at 0x0000023d98448301 to 0x0000023d98448858
Event: 2.846 Thread 0x0000023deae00910 Implicit null exception at 0x0000023d9844adc0 to 0x0000023d9844b094
Event: 2.917 Thread 0x0000023deae00910 Implicit null exception at 0x0000023d983ed4c0 to 0x0000023d983ed545
Event: 3.244 Thread 0x0000023deae00910 Exception <a 'java/lang/IncompatibleClassChangeError'{0x000000008992df78}: Found class java.lang.Object, but interface was expected> (0x000000008992df78) 
thrown [s\open\src\hotspot\share\interpreter\linkResolver.cpp, line 840]
Event: 3.414 Thread 0x0000023deae00910 Exception <a 'java/lang/ClassNotFoundException'{0x0000000089694cf8}: com/sun/javafx/scene/control/skin/resources/controls> (0x0000000089694cf8) 
thrown [s\open\src\hotspot\share\prims\jni.cpp, line 539]
Event: 3.417 Thread 0x0000023deae00910 Exception <a 'java/lang/ClassNotFoundException'{0x00000000896a2ef8}: com/sun/javafx/scene/control/skin/resources/controls_ru> (0x00000000896a2ef8) 
thrown [s\open\src\hotspot\share\prims\jni.cpp, line 539]
Event: 3.417 Thread 0x0000023deae00910 Exception <a 'java/lang/ClassNotFoundException'{0x00000000896a3ff8}: com/sun/javafx/scene/control/skin/resources/controls_ru_RU> (0x00000000896a3ff8) 
thrown [s\open\src\hotspot\share\prims\jni.cpp, line 539]
Event: 3.505 Thread 0x0000023deae00910 Exception <a 'java/lang/NoSuchMethodError'{0x000000008943e2e0}: 'void java.lang.invoke.DirectMethodHandle$Holder.invokeSpecial(java.lang.Object, java.lang.Object, java.lang.Object, java.lang.Object, java.lang.Object, java.lang.Object)'> (0x000000008943e2e0) 
thrown [s\open\src\hotspot\share\interpreter\linkResolver.cpp, line 773]
Event: 3.738 Thread 0x0000023deae00910 Exception <a 'java/lang/NoSuchMethodError'{0x00000000890da120}: 'int java.lang.invoke.DirectMethodHandle$Holder.invokeSpecial(java.lang.Object, java.lang.Object, int)'> (0x00000000890da120) 
thrown [s\open\src\hotspot\share\interpreter\linkResolver.cpp, line 773]
Event: 3.823 Thread 0x0000023deae00910 Exception <a 'java/lang/NoSuchMethodError'{0x0000000088f78a10}: 'java.lang.Object java.lang.invoke.DirectMethodHandle$Holder.newInvokeSpecial(java.lang.Object, java.lang.Object, int)'> (0x0000000088f78a10) 
thrown [s\open\src\hotspot\share\interpreter\linkResolver.cpp, line 773]
Event: 3.914 Thread 0x0000023deaf03c20 Exception <a 'java/lang/NoSuchMethodError'{0x0000000088e20f00}: 'int java.lang.invoke.DirectMethodHandle$Holder.invokeStaticInit(java.lang.Object, java.lang.Object)'> (0x0000000088e20f00) 
thrown [s\open\src\hotspot\share\interpreter\linkResolver.cpp, line 773]
Event: 6.869 Thread 0x0000023deae00910 Exception <a 'java/lang/NoSuchMethodError'{0x000000008894c0c8}: 'long java.lang.invoke.DirectMethodHandle$Holder.invokeStatic(java.lang.Object, java.lang.Object, java.lang.Object)'> (0x000000008894c0c8) 
thrown [s\open\src\hotspot\share\interpreter\linkResolver.cpp, line 773]
Event: 6.869 Thread 0x0000023deae00910 Exception <a 'java/lang/NoSuchMethodError'{0x000000008894f498}: 'long java.lang.invoke.DirectMethodHandle$Holder.invokeStaticInit(java.lang.Object, java.lang.Object, java.lang.Object)'> (0x000000008894f498) 
thrown [s\open\src\hotspot\share\interpreter\linkResolver.cpp, line 773]
Event: 6.873 Thread 0x0000023deae00910 Exception <a 'java/lang/NoSuchMethodError'{0x0000000088963a90}: 'java.lang.Object java.lang.invoke.DirectMethodHandle$Holder.newInvokeSpecial(java.lang.Object, java.lang.Object, long)'> (0x0000000088963a90) 
thrown [s\open\src\hotspot\share\interpreter\linkResolver.cpp, line 773]
Event: 6.873 Thread 0x0000023deae00910 Exception <a 'java/lang/NoSuchMethodError'{0x0000000088967388}: 'java.lang.Object java.lang.invoke.Invokers$Holder.linkToTargetMethod(java.lang.Object, long, java.lang.Object)'> (0x0000000088967388) 
thrown [s\open\src\hotspot\share\interpreter\linkResolver.cpp, line 773]
Event: 13.897 Thread 0x0000023deae00910 Exception <a 'java/lang/NoSuchMethodError'{0x00000000884d5190}: 'java.lang.Object java.lang.invoke.DirectMethodHandle$Holder.newInvokeSpecial(java.lang.Object, java.lang.Object, int, int, int, int, int, java.lang.Object)'> (0x00000000884d5190) 
thrown [s\open\src\hotspot\share\interpreter\linkResolver.cpp, line 773]
Event: 13.901 Thread 0x0000023deae00910 Exception <a 'java/lang/NoSuchMethodError'{0x00000000884e7860}: 'java.lang.Object java.lang.invoke.DirectMethodHandle$Holder.newInvokeSpecial(java.lang.Object, java.lang.Object, java.lang.Object, int, int, int, int, int)'> (0x00000000884e7860) 
thrown [s\open\src\hotspot\share\interpreter\linkResolver.cpp, line 773]
Event: 13.902 Thread 0x0000023deae00910 Exception <a 'java/lang/NoSuchMethodError'{0x00000000884ef660}: 'java.lang.Object java.lang.invoke.Invokers$Holder.linkToTargetMethod(java.lang.Object, java.lang.Object, int, int, int, int, int, java.lang.Object)'> (0x00000000884ef660) 
thrown [s\open\src\hotspot\share\interpreter\linkResolver.cpp, line 773]

ZGC Phase Switch (0 events):
No events

VM Operations (20 events):
Event: 13.787 Executing VM operation: Cleanup done
Event: 14.788 Executing VM operation: Cleanup
Event: 14.788 Executing VM operation: Cleanup done
Event: 15.788 Executing VM operation: Cleanup
Event: 15.788 Executing VM operation: Cleanup done
Event: 16.789 Executing VM operation: Cleanup
Event: 16.789 Executing VM operation: Cleanup done
Event: 18.790 Executing VM operation: Cleanup
Event: 18.790 Executing VM operation: Cleanup done
Event: 60.072 Executing VM operation: HandshakeAllThreads (HandshakeForDeflation)
Event: 60.072 Executing VM operation: HandshakeAllThreads (HandshakeForDeflation) done
Event: 60.072 Executing VM operation: RendezvousGCThreads
Event: 60.072 Executing VM operation: RendezvousGCThreads done
Event: 133.108 Executing VM operation: Cleanup
Event: 133.108 Executing VM operation: Cleanup done
Event: 134.108 Executing VM operation: Cleanup
Event: 134.108 Executing VM operation: Cleanup done
Event: 137.109 Executing VM operation: Cleanup
Event: 137.110 Executing VM operation: Cleanup done
Event: 293.787 Executing VM operation: Exit

Events (20 events):
Event: 1.219 Thread 0x0000023deab1a880 Thread added: 0x0000023deab1a880
Event: 1.310 Thread 0x0000023deaf03c20 Thread added: 0x0000023deaf03c20
Event: 1.439 Thread 0x0000023deadfa100 Thread added: 0x0000023deadfa100
Event: 1.448 Thread 0x0000023deae00910 Thread added: 0x0000023deae00910
Event: 1.524 Thread 0x0000023deab1a880 Thread exited: 0x0000023deab1a880
Event: 1.617 Thread 0x0000023deafdafd0 Thread added: 0x0000023deafdafd0
Event: 1.657 Thread 0x0000023deaf8ac50 Thread added: 0x0000023deaf8ac50
Event: 1.686 Thread 0x0000023deb0716b0 Thread added: 0x0000023deb0716b0
Event: 3.082 Thread 0x0000023deb0716b0 Thread exited: 0x0000023deb0716b0
Event: 3.145 Thread 0x0000023deb5d3510 Thread added: 0x0000023deb5d3510
Event: 3.232 Thread 0x0000023deb5d3bc0 Thread added: 0x0000023deb5d3bc0
Event: 4.033 Thread 0x0000023deb2a0b60 Thread added: 0x0000023deb2a0b60
Event: 5.657 Thread 0x0000023deb5d3510 Thread exited: 0x0000023deb5d3510
Event: 12.258 Thread 0x0000023deb6c0f70 Thread added: 0x0000023deb6c0f70
Event: 13.012 Thread 0x0000023deb6c0f70 Thread exited: 0x0000023deb6c0f70
Event: 293.779 Thread 0x0000023deb2a04d0 Thread added: 0x0000023deb2a04d0
Event: 293.780 Thread 0x0000023deb2a25a0 Thread added: 0x0000023deb2a25a0
Event: 293.780 Thread 0x0000023deb2a11f0 Thread added: 0x0000023deb2a11f0
Event: 293.782 Thread 0x0000023deb2a25a0 Thread exited: 0x0000023deb2a25a0
Event: 293.785 Thread 0x0000023deb2a11f0 Thread exited: 0x0000023deb2a11f0


Dynamic libraries:
0x00007ff78cc40000 - 0x00007ff78cc4e000 	C:\Users\ilonk\.jdks\openjdk-21.0.1-1\bin\java.exe
0x00007ffd49c70000 - 0x00007ffd49e68000 	C:\Windows\SYSTEM32\ntdll.dll
0x00007ffd47f70000 - 0x00007ffd4802d000 	C:\Windows\System32\KERNEL32.DLL
0x00007ffd47340000 - 0x00007ffd47636000 	C:\Windows\System32\KERNELBASE.dll
0x00007ffd47790000 - 0x00007ffd47890000 	C:\Windows\System32\ucrtbase.dll
0x00007ffd3b530000 - 0x00007ffd3b54b000 	C:\Users\ilonk\.jdks\openjdk-21.0.1-1\bin\VCRUNTIME140.dll
0x00007ffd2f300000 - 0x00007ffd2f318000 	C:\Users\ilonk\.jdks\openjdk-21.0.1-1\bin\jli.dll
0x00007ffd47d70000 - 0x00007ffd47f0e000 	C:\Windows\System32\USER32.dll
0x00007ffd47c90000 - 0x00007ffd47cb2000 	C:\Windows\System32\win32u.dll
0x00007ffd31310000 - 0x00007ffd315aa000 	C:\Windows\WinSxS\amd64_microsoft.windows.common-controls_6595b64144ccf1df_6.0.19041.3636_none_60b6a03d71f818d5\COMCTL32.dll
0x00007ffd49360000 - 0x00007ffd4938c000 	C:\Windows\System32\GDI32.dll
0x00007ffd47670000 - 0x00007ffd4778a000 	C:\Windows\System32\gdi32full.dll
0x00007ffd47890000 - 0x00007ffd4792d000 	C:\Windows\System32\msvcp_win.dll
0x00007ffd495c0000 - 0x00007ffd4965e000 	C:\Windows\System32\msvcrt.dll
0x00007ffd49590000 - 0x00007ffd495c0000 	C:\Windows\System32\IMM32.DLL
0x00007ffd3b580000 - 0x00007ffd3b58c000 	C:\Users\ilonk\.jdks\openjdk-21.0.1-1\bin\vcruntime140_1.dll
0x00007ffd1a210000 - 0x00007ffd1a29e000 	C:\Users\ilonk\.jdks\openjdk-21.0.1-1\bin\msvcp140.dll
0x00007ffcf9ab0000 - 0x00007ffcfa7c5000 	C:\Users\ilonk\.jdks\openjdk-21.0.1-1\bin\server\jvm.dll
0x00007ffd49b70000 - 0x00007ffd49c23000 	C:\Windows\System32\ADVAPI32.dll
0x00007ffd49100000 - 0x00007ffd4919f000 	C:\Windows\System32\sechost.dll
0x00007ffd49390000 - 0x00007ffd494b6000 	C:\Windows\System32\RPCRT4.dll
0x00007ffd47640000 - 0x00007ffd47667000 	C:\Windows\System32\bcrypt.dll
0x00007ffd49660000 - 0x00007ffd496cb000 	C:\Windows\System32\WS2_32.dll
0x00007ffd46890000 - 0x00007ffd468db000 	C:\Windows\SYSTEM32\POWRPROF.dll
0x00007ffd3f290000 - 0x00007ffd3f29a000 	C:\Windows\SYSTEM32\VERSION.dll
0x00007ffd31770000 - 0x00007ffd31797000 	C:\Windows\SYSTEM32\WINMM.dll
0x00007ffd46750000 - 0x00007ffd46762000 	C:\Windows\SYSTEM32\UMPDC.dll
0x00007ffd45b80000 - 0x00007ffd45b92000 	C:\Windows\SYSTEM32\kernel.appcore.dll
0x00007ffd3b520000 - 0x00007ffd3b52a000 	C:\Users\ilonk\.jdks\openjdk-21.0.1-1\bin\jimage.dll
0x00007ffd450f0000 - 0x00007ffd452d4000 	C:\Windows\SYSTEM32\DBGHELP.DLL
0x00007ffd2da70000 - 0x00007ffd2daa4000 	C:\Windows\SYSTEM32\dbgcore.DLL
0x00007ffd47c00000 - 0x00007ffd47c82000 	C:\Windows\System32\bcryptPrimitives.dll
0x00007ffd422b0000 - 0x00007ffd422bf000 	C:\Users\ilonk\.jdks\openjdk-21.0.1-1\bin\instrument.dll
0x00007ffd2e490000 - 0x00007ffd2e4af000 	C:\Users\ilonk\.jdks\openjdk-21.0.1-1\bin\java.dll
0x00007ffd48030000 - 0x00007ffd48775000 	C:\Windows\System32\SHELL32.dll
0x00007ffd453d0000 - 0x00007ffd45b6b000 	C:\Windows\SYSTEM32\windows.storage.dll
0x00007ffd48c60000 - 0x00007ffd48fb4000 	C:\Windows\System32\combase.dll
0x00007ffd46d70000 - 0x00007ffd46d9d000 	C:\Windows\SYSTEM32\Wldp.dll
0x00007ffd49ac0000 - 0x00007ffd49b6d000 	C:\Windows\System32\SHCORE.dll
0x00007ffd48780000 - 0x00007ffd487d5000 	C:\Windows\System32\shlwapi.dll
0x00007ffd47270000 - 0x00007ffd47295000 	C:\Windows\SYSTEM32\profapi.dll
0x00007ffd09f80000 - 0x00007ffd0a057000 	C:\Users\ilonk\.jdks\openjdk-21.0.1-1\bin\jsvml.dll
0x00007ffd35bc0000 - 0x00007ffd35bd0000 	C:\Users\ilonk\.jdks\openjdk-21.0.1-1\bin\net.dll
0x00007ffd3bd40000 - 0x00007ffd3be4a000 	C:\Windows\SYSTEM32\WINHTTP.dll
0x00007ffd46ad0000 - 0x00007ffd46b3a000 	C:\Windows\system32\mswsock.dll
0x00007ffd2e3e0000 - 0x00007ffd2e3f6000 	C:\Users\ilonk\.jdks\openjdk-21.0.1-1\bin\nio.dll
0x00007ffd2c1b0000 - 0x00007ffd2c1c8000 	C:\Users\ilonk\.jdks\openjdk-21.0.1-1\bin\zip.dll
0x00007ffd2abc0000 - 0x00007ffd2abda000 	D:\IntelliJ IDEA\IDEA ULTIMATE\bin\breakgen64.dll
0x0000023da4f50000 - 0x0000023da4f53000 	C:\Users\ilonk\.openjfx\cache\21-ea+5\amd64\api-ms-win-core-console-l1-1-0.dll
0x0000023da4f60000 - 0x0000023da4f63000 	C:\Users\ilonk\.openjfx\cache\21-ea+5\amd64\api-ms-win-core-console-l1-2-0.dll
0x0000023da4f70000 - 0x0000023da4f73000 	C:\Users\ilonk\.openjfx\cache\21-ea+5\amd64\api-ms-win-core-datetime-l1-1-0.dll
0x0000023da4f80000 - 0x0000023da4f83000 	C:\Users\ilonk\.openjfx\cache\21-ea+5\amd64\api-ms-win-core-debug-l1-1-0.dll
0x0000023da4f90000 - 0x0000023da4f93000 	C:\Users\ilonk\.openjfx\cache\21-ea+5\amd64\api-ms-win-core-errorhandling-l1-1-0.dll
0x0000023da4fa0000 - 0x0000023da4fa4000 	C:\Users\ilonk\.openjfx\cache\21-ea+5\amd64\api-ms-win-core-file-l1-1-0.dll
0x0000023da4fb0000 - 0x0000023da4fb3000 	C:\Users\ilonk\.openjfx\cache\21-ea+5\amd64\api-ms-win-core-file-l1-2-0.dll
0x0000023da4fc0000 - 0x0000023da4fc3000 	C:\Users\ilonk\.openjfx\cache\21-ea+5\amd64\api-ms-win-core-file-l2-1-0.dll
0x0000023da4fd0000 - 0x0000023da4fd3000 	C:\Users\ilonk\.openjfx\cache\21-ea+5\amd64\api-ms-win-core-handle-l1-1-0.dll
0x0000023da4fe0000 - 0x0000023da4fe3000 	C:\Users\ilonk\.openjfx\cache\21-ea+5\amd64\api-ms-win-core-heap-l1-1-0.dll
0x0000023da4ff0000 - 0x0000023da4ff3000 	C:\Users\ilonk\.openjfx\cache\21-ea+5\amd64\api-ms-win-core-interlocked-l1-1-0.dll
0x0000023debbd0000 - 0x0000023debbd3000 	C:\Users\ilonk\.openjfx\cache\21-ea+5\amd64\api-ms-win-core-libraryloader-l1-1-0.dll
0x0000023debbe0000 - 0x0000023debbe3000 	C:\Users\ilonk\.openjfx\cache\21-ea+5\amd64\api-ms-win-core-localization-l1-2-0.dll
0x0000023debbf0000 - 0x0000023debbf3000 	C:\Users\ilonk\.openjfx\cache\21-ea+5\amd64\api-ms-win-core-memory-l1-1-0.dll
0x0000023debc00000 - 0x0000023debc03000 	C:\Users\ilonk\.openjfx\cache\21-ea+5\amd64\api-ms-win-core-namedpipe-l1-1-0.dll
0x0000023debc10000 - 0x0000023debc13000 	C:\Users\ilonk\.openjfx\cache\21-ea+5\amd64\api-ms-win-core-processenvironment-l1-1-0.dll
0x0000023debc20000 - 0x0000023debc23000 	C:\Users\ilonk\.openjfx\cache\21-ea+5\amd64\api-ms-win-core-processthreads-l1-1-0.dll
0x0000023debc30000 - 0x0000023debc33000 	C:\Users\ilonk\.openjfx\cache\21-ea+5\amd64\api-ms-win-core-processthreads-l1-1-1.dll
0x0000023debc40000 - 0x0000023debc43000 	C:\Users\ilonk\.openjfx\cache\21-ea+5\amd64\api-ms-win-core-profile-l1-1-0.dll
0x0000023debc50000 - 0x0000023debc53000 	C:\Users\ilonk\.openjfx\cache\21-ea+5\amd64\api-ms-win-core-rtlsupport-l1-1-0.dll
0x0000023debc60000 - 0x0000023debc63000 	C:\Users\ilonk\.openjfx\cache\21-ea+5\amd64\api-ms-win-core-string-l1-1-0.dll
0x0000023debc70000 - 0x0000023debc73000 	C:\Users\ilonk\.openjfx\cache\21-ea+5\amd64\api-ms-win-core-synch-l1-1-0.dll
0x0000023debc80000 - 0x0000023debc83000 	C:\Users\ilonk\.openjfx\cache\21-ea+5\amd64\api-ms-win-core-synch-l1-2-0.dll
0x0000023debc90000 - 0x0000023debc93000 	C:\Users\ilonk\.openjfx\cache\21-ea+5\amd64\api-ms-win-core-sysinfo-l1-1-0.dll
0x0000023debca0000 - 0x0000023debca3000 	C:\Users\ilonk\.openjfx\cache\21-ea+5\amd64\api-ms-win-core-timezone-l1-1-0.dll
0x0000023debcb0000 - 0x0000023debcb3000 	C:\Users\ilonk\.openjfx\cache\21-ea+5\amd64\api-ms-win-core-util-l1-1-0.dll
0x0000023debcc0000 - 0x0000023debcc3000 	C:\Users\ilonk\.openjfx\cache\21-ea+5\amd64\api-ms-win-crt-conio-l1-1-0.dll
0x0000023debcd0000 - 0x0000023debcd4000 	C:\Users\ilonk\.openjfx\cache\21-ea+5\amd64\api-ms-win-crt-convert-l1-1-0.dll
0x0000023debce0000 - 0x0000023debce3000 	C:\Users\ilonk\.openjfx\cache\21-ea+5\amd64\api-ms-win-crt-environment-l1-1-0.dll
0x0000023debcf0000 - 0x0000023debcf3000 	C:\Users\ilonk\.openjfx\cache\21-ea+5\amd64\api-ms-win-crt-filesystem-l1-1-0.dll
0x0000023debd00000 - 0x0000023debd03000 	C:\Users\ilonk\.openjfx\cache\21-ea+5\amd64\api-ms-win-crt-heap-l1-1-0.dll
0x0000023debd10000 - 0x0000023debd13000 	C:\Users\ilonk\.openjfx\cache\21-ea+5\amd64\api-ms-win-crt-locale-l1-1-0.dll
0x0000023debd20000 - 0x0000023debd25000 	C:\Users\ilonk\.openjfx\cache\21-ea+5\amd64\api-ms-win-crt-math-l1-1-0.dll
0x0000023debd30000 - 0x0000023debd35000 	C:\Users\ilonk\.openjfx\cache\21-ea+5\amd64\api-ms-win-crt-multibyte-l1-1-0.dll
0x0000023debd40000 - 0x0000023debd50000 	C:\Users\ilonk\.openjfx\cache\21-ea+5\amd64\api-ms-win-crt-private-l1-1-0.dll
0x0000023debd50000 - 0x0000023debd53000 	C:\Users\ilonk\.openjfx\cache\21-ea+5\amd64\api-ms-win-crt-process-l1-1-0.dll
0x0000023debd60000 - 0x0000023debd64000 	C:\Users\ilonk\.openjfx\cache\21-ea+5\amd64\api-ms-win-crt-runtime-l1-1-0.dll
0x0000023debd70000 - 0x0000023debd74000 	C:\Users\ilonk\.openjfx\cache\21-ea+5\amd64\api-ms-win-crt-stdio-l1-1-0.dll
0x0000023debd80000 - 0x0000023debd84000 	C:\Users\ilonk\.openjfx\cache\21-ea+5\amd64\api-ms-win-crt-string-l1-1-0.dll
0x0000023debd90000 - 0x0000023debd93000 	C:\Users\ilonk\.openjfx\cache\21-ea+5\amd64\api-ms-win-crt-time-l1-1-0.dll
0x0000023debda0000 - 0x0000023debda3000 	C:\Users\ilonk\.openjfx\cache\21-ea+5\amd64\api-ms-win-crt-utility-l1-1-0.dll
0x00007ffd09960000 - 0x00007ffd09a5c000 	C:\Users\ilonk\.openjfx\cache\21-ea+5\amd64\ucrtbase.dll
0x00007ffd2a870000 - 0x00007ffd2a88b000 	C:\Users\ilonk\.openjfx\cache\21-ea+5\amd64\vcruntime140.dll
0x00007ffd310c0000 - 0x00007ffd310cc000 	C:\Users\ilonk\.openjfx\cache\21-ea+5\amd64\vcruntime140_1.dll
0x00007ffd198e0000 - 0x00007ffd1996e000 	C:\Users\ilonk\.openjfx\cache\21-ea+5\amd64\msvcp140.dll
0x00007ffd2e420000 - 0x00007ffd2e429000 	C:\Users\ilonk\.openjfx\cache\21-ea+5\amd64\msvcp140_1.dll
0x00007ffd1bba0000 - 0x00007ffd1bbd0000 	C:\Users\ilonk\.openjfx\cache\21-ea+5\amd64\msvcp140_2.dll
0x00007ffd1ba80000 - 0x00007ffd1baaf000 	C:\Users\ilonk\.openjfx\cache\21-ea+5\amd64\prism_d3d.dll
0x00007ffd34c20000 - 0x00007ffd34ded000 	C:\Windows\system32\d3d9.dll
0x00007ffd44b60000 - 0x00007ffd44b8f000 	C:\Windows\SYSTEM32\dwmapi.dll
0x00007ffd44980000 - 0x00007ffd44a1e000 	C:\Windows\system32\uxtheme.dll
0x00007ffcda710000 - 0x00007ffcda873000 	C:\Windows\System32\DriverStore\FileRepository\iigd_dch.inf_amd64_d7403bad0b41f2bd\igdumdim64.dll
0x00007ffcd4ca0000 - 0x00007ffcd86e2000 	C:\Windows\System32\DriverStore\FileRepository\iigd_dch.inf_amd64_d7403bad0b41f2bd\igd9dxva64.dll
0x00007ffd48fc0000 - 0x00007ffd490eb000 	C:\Windows\System32\ole32.dll
0x00007ffd494c0000 - 0x00007ffd4958d000 	C:\Windows\System32\OLEAUT32.dll
0x00007ffd487e0000 - 0x00007ffd48c4e000 	C:\Windows\System32\SETUPAPI.dll
0x00007ffd47bb0000 - 0x00007ffd47bfe000 	C:\Windows\System32\cfgmgr32.dll
0x00007ffd3af10000 - 0x00007ffd3b14f000 	C:\Windows\System32\DriverStore\FileRepository\iigd_dch.inf_amd64_d7403bad0b41f2bd\igdgmm64.dll
0x00007ffd084d0000 - 0x00007ffd08512000 	C:\Users\ilonk\.openjfx\cache\21-ea+5\amd64\glass.dll
0x00007ffd497d0000 - 0x00007ffd498aa000 	C:\Windows\System32\COMDLG32.dll
0x00007ffd49220000 - 0x00007ffd49334000 	C:\Windows\System32\MSCTF.dll
0x00007ffce5f20000 - 0x00007ffce5f47000 	C:\Windows\System32\DriverStore\FileRepository\iigd_dch.inf_amd64_d7403bad0b41f2bd\igdinfo64.dll
0x00007ffd46cd0000 - 0x00007ffd46ce8000 	C:\Windows\SYSTEM32\CRYPTSP.dll
0x00007ffd46390000 - 0x00007ffd463c4000 	C:\Windows\system32\rsaenh.dll
0x00007ffd46cc0000 - 0x00007ffd46ccc000 	C:\Windows\SYSTEM32\CRYPTBASE.dll
0x00007ffd382b0000 - 0x00007ffd3ae79000 	C:\Windows\System32\DriverStore\FileRepository\iigd_dch.inf_amd64_d7403bad0b41f2bd\igc64.dll
0x00007ffd3ee80000 - 0x00007ffd3eebb000 	C:\Windows\SYSTEM32\dxcore.dll
0x00007ffd1a2d0000 - 0x00007ffd1a2e4000 	C:\Users\ilonk\.openjfx\cache\21-ea+5\amd64\javafx_font.dll
0x00007ffd35920000 - 0x00007ffd35b9f000 	C:\Windows\SYSTEM32\dwrite.dll
0x00007ffd47cc0000 - 0x00007ffd47d69000 	C:\Windows\System32\clbcatq.dll
0x00007ffd41490000 - 0x00007ffd41644000 	C:\Windows\SYSTEM32\WindowsCodecs.dll
0x00007ffd0d750000 - 0x00007ffd0d78e000 	C:\Windows\system32\dataexchange.dll
0x00007ffd43ca0000 - 0x00007ffd43e83000 	C:\Windows\system32\dcomp.dll
0x00007ffd43180000 - 0x00007ffd433e3000 	C:\Windows\system32\d3d11.dll
0x00007ffd45bf0000 - 0x00007ffd45ce3000 	C:\Windows\system32\dxgi.dll
0x00007ffd41710000 - 0x00007ffd41913000 	C:\Windows\system32\twinapi.appcore.dll
0x00007ffd16e00000 - 0x00007ffd16e34000 	C:\Program Files\Common Files\Microsoft Shared\Ink\rtscom.dll
0x00007ffd37f40000 - 0x00007ffd38039000 	C:\Windows\SYSTEM32\textinputframework.dll
0x00007ffd44230000 - 0x00007ffd4458b000 	C:\Windows\System32\CoreUIComponents.dll
0x00007ffd44590000 - 0x00007ffd44682000 	C:\Windows\System32\CoreMessaging.dll

dbghelp: loaded successfully - version: 4.0.5 - missing functions: none
symbol engine: initialized successfully - sym options: 0x614 - pdb path: .;C:\Users\ilonk\.jdks\openjdk-21.0.1-1\bin;C:\Windows\SYSTEM32;C:\Windows\WinSxS\amd64_microsoft.windows.common-controls_6595b64144ccf1df_6.0.19041.3636_none_60b6a03d71f818d5;C:\Users\ilonk\.jdks\openjdk-21.0.1-1\bin\server;D:\IntelliJ IDEA\IDEA ULTIMATE\bin;C:\Users\ilonk\.openjfx\cache\21-ea+5\amd64;C:\Windows\System32\DriverStore\FileRepository\iigd_dch.inf_amd64_d7403bad0b41f2bd;C:\Program Files\Common Files\Microsoft Shared\Ink

VM Arguments:
jvm_args: -javaagent:D:\IntelliJ IDEA\IDEA ULTIMATE\lib\idea_rt.jar=51114:D:\IntelliJ IDEA\IDEA ULTIMATE\bin -Dfile.encoding=UTF-8 -Dsun.stdout.encoding=UTF-8 -Dsun.stderr.encoding=UTF-8 --module-path=D:\SkillBox\Java\UtilityService\target\classes;C:\Users\ilonk\.m2\repository\org\openjfx\javafx-base\21-ea+5\javafx-base-21-ea+5-win.jar;C:\Users\ilonk\.m2\repository\org\openjfx\javafx-controls\21-ea+5\javafx-controls-21-ea+5-win.jar;C:\Users\ilonk\.m2\repository\org\openjfx\javafx-fxml\21-ea+5\javafx-fxml-21-ea+5-win.jar;C:\Users\ilonk\.m2\repository\org\openjfx\javafx-graphics\21-ea+5\javafx-graphics-21-ea+5-win.jar -Djdk.module.main=com.example.utilityservice 
java_command: com.example.utilityservice/com.example.utilityservice.UtilityServiceApp
java_class_path (initial): C:\Users\ilonk\.m2\repository\org\openjfx\javafx-controls\21-ea+5\javafx-controls-21-ea+5.jar;C:\Users\ilonk\.m2\repository\org\openjfx\javafx-graphics\21-ea+5\javafx-graphics-21-ea+5.jar;C:\Users\ilonk\.m2\repository\org\openjfx\javafx-base\21-ea+5\javafx-base-21-ea+5.jar;C:\Users\ilonk\.m2\repository\org\openjfx\javafx-fxml\21-ea+5\javafx-fxml-21-ea+5.jar;C:\Users\ilonk\.m2\repository\org\jsoup\jsoup\1.17.2\jsoup-1.17.2.jar
Launcher Type: SUN_STANDARD

[Global flags]
     intx CICompilerCount                          = 4                                         {product} {ergonomic}
     uint ConcGCThreads                            = 2                                         {product} {ergonomic}
     uint G1ConcRefinementThreads                  = 8                                         {product} {ergonomic}
   size_t G1HeapRegionSize                         = 1048576                                   {product} {ergonomic}
    uintx GCDrainStackTargetSize                   = 64                                        {product} {ergonomic}
   size_t InitialHeapSize                          = 134217728                                 {product} {ergonomic}
   size_t MarkStackSize                            = 4194304                                   {product} {ergonomic}
   size_t MaxHeapSize                              = 2118123520                                {product} {ergonomic}
   size_t MaxNewSize                               = 1270874112                                {product} {ergonomic}
   size_t MinHeapDeltaBytes                        = 1048576                                   {product} {ergonomic}
   size_t MinHeapSize                              = 8388608                                   {product} {ergonomic}
    uintx NonNMethodCodeHeapSize                   = 5839372                                {pd product} {ergonomic}
    uintx NonProfiledCodeHeapSize                  = 122909434                              {pd product} {ergonomic}
    uintx ProfiledCodeHeapSize                     = 122909434                              {pd product} {ergonomic}
    uintx ReservedCodeCacheSize                    = 251658240                              {pd product} {ergonomic}
     bool SegmentedCodeCache                       = true                                      {product} {ergonomic}
   size_t SoftMaxHeapSize                          = 2118123520                             {manageable} {ergonomic}
     bool UseCompressedOops                        = true                           {product lp64_product} {ergonomic}
     bool UseG1GC                                  = true                                      {product} {ergonomic}
     bool UseLargePagesIndividualAllocation        = false                                  {pd product} {ergonomic}

Logging:
Log output configuration:
 #0: stdout all=off uptime,level,tags foldmultilines=false
 #1: stderr all=off uptime,level,tags foldmultilines=false

Environment Variables:
JAVA_HOME=C:\Program Files\Java\jdk-17.0.2
CLASSPATH=C:\Program Files\Java\jdk-17.0.2\bin;C:\Program Files\Java\apache-tomcat-10.0.21-windows-x64\apache-tomcat-10.0.21\lib
PATH=C:\Program Files\Common Files\Oracle\Java\javapath;C:\Windows\system32;C:\Windows;C:\Windows\System32\Wbem;C:\Windows\System32\WindowsPowerShell\v1.0\;C:\Windows\System32\OpenSSH\;C:\Program Files\dotnet\;C:\Program Files\Wget;C:\Program Files\Microsoft SQL Server\Client SDK\ODBC\170\Tools\Binn\;C:\Program Files (x86)\Microsoft SQL Server\150\Tools\Binn\;C:\Program Files\Microsoft SQL Server\150\Tools\Binn\;C:\Program Files\Microsoft SQL Server\150\DTS\Binn\;C:\Program Files (x86)\Microsoft SQL Server\150\DTS\Binn\;C:\Program Files\Azure Data Studio\bin;C:\yagarto-20121222\bin;C:\Program Files (x86)\Rational\common;C:\Program Files\apache-maven-3.8.8\bin;D:\Node.js\;C:\Program Files\Git\cmd;C:\Program Files\MySQL\MySQL Shell 8.0\bin\;C:\Users\ilonk\AppData\Local\Microsoft\WindowsApps;D:\Vusual Studio Code\Microsoft VS Code\bin;C:\Program Files\Azure Data Studio\bin;C:\Users\ilonk\AppData\Roaming\npm;C:\Users\ilonk\.dotnet\tools
USERNAME=ilonka
OS=Windows_NT
PROCESSOR_IDENTIFIER=Intel64 Family 6 Model 158 Stepping 10, GenuineIntel
TMP=C:\Users\ilonk\AppData\Local\Temp
TEMP=C:\Users\ilonk\AppData\Local\Temp




Periodic native trim disabled

---------------  S Y S T E M  ---------------

OS:
 Windows 10 , 64 bit Build 19041 (10.0.19041.3636)
OS uptime: 2 days 4:31 hours

CPU: total 8 (initial active 8) (4 cores per cpu, 2 threads per core) family 6 model 158 stepping 10 microcode 0xb4, cx8, cmov, fxsr, ht, mmx, 3dnowpref, sse, sse2, sse3, ssse3, sse4.1, sse4.2, popcnt, lzcnt, tsc, tscinvbit, avx, avx2, aes, erms, clmul, bmi1, bmi2, adx, fma, vzeroupper, clflush, clflushopt, rdtscp, f16c
Processor Information for all 8 processors :
  Max Mhz: 2400, Current Mhz: 2400, Mhz Limit: 2400

Memory: 4k page, system-wide physical 8072M (761M free)
TotalPageFile size 30600M (AvailPageFile size 9744M)
current process WorkingSet (physical memory assigned to process): 156M, peak: 179M
current process commit charge ("private bytes"): 280M, peak: 302M

vm_info: OpenJDK 64-Bit Server VM (21.0.1+12-29) for windows-amd64 JRE (21.0.1+12-29), built on 2023-10-05T13:27:09Z by "mach5one" with MS VC++ 17.1 (VS2022)

END.
